2013-06-25T10:13:14 Checking update-file '/usr/share/kde4/apps/kconf_update/konsole.upd' for new updates
2013-06-25T10:13:14 konsole.upd: Found new update '2.9.0-global-options'
2013-06-25T10:13:14 konsole.upd: Running script 'konsole-2.9.0-global-options.sh'
2013-06-25T10:13:14 konsole.upd: Found new update '2.9.0-colorscheme-bold-key'
2013-06-25T10:13:14 konsole.upd: Running script 'konsole-2.9.0-colorscheme-bold-key.sh'
2013-06-25T10:13:14 konsole.upd: Found new update '2.10.0-remove-menuindex-from-profiles'
2013-06-25T10:13:14 konsole.upd: Running script 'konsole-2.10.0-remove-menuindex-from-profiles.sh'
2013-06-25T10:13:14 Checking update-file '/usr/share/kde4/apps/kconf_update/kded.upd' for new updates
2013-06-25T10:13:14 kded.upd: Found new update 'kde3.0'
2013-06-25T10:13:14 kded.upd: File 'kdedrc' does not exist or empty, skipping
2013-06-25T10:13:14 Checking update-file '/usr/share/kde4/apps/kconf_update/kate-2.4.upd' for new updates
2013-06-25T10:13:14 kate-2.4.upd: Found new update 'kate2.4'
2013-06-25T10:13:14 Checking update-file '/usr/share/kde4/apps/kconf_update/kioslave.upd' for new updates
2013-06-25T10:13:14 kioslave.upd: Found new update 'kde2.2/r1'
2013-06-25T10:13:14 kioslave.upd: File 'kioslaverc' does not exist or empty, skipping
2013-06-25T10:13:14 kioslave.upd: Skipping update 'kde2.2/r1'
2013-06-25T10:13:14 kioslave.upd: File 'kioslaverc' does not exist or empty, skipping
2013-06-25T10:13:14 kioslave.upd: Found new update 'kde2.2/r2'
2013-06-25T10:13:14 kioslave.upd: File 'kioslaverc' does not exist or empty, skipping
2013-06-25T10:13:14 kioslave.upd: Found new update 'kde2.2/r3'
2013-06-25T10:13:14 kioslave.upd: File 'kioslaverc' does not exist or empty, skipping
2013-06-25T10:13:14 Checking update-file '/usr/share/kde4/apps/kconf_update/kuriikwsfilter.upd' for new updates
2013-06-25T10:13:14 kuriikwsfilter.upd: Found new update 'post-kde3.1/cvs'
2013-06-25T10:13:14 kuriikwsfilter.upd: File 'kuriikwsfilterrc' does not exist or empty, skipping
2013-06-25T10:13:14 kuriikwsfilter.upd: Found new update 'pre-kde4.9'
2013-06-25T10:13:14 kuriikwsfilter.upd: File 'kuriikwsfilterrc' does not exist or empty, skipping
2013-06-25T10:13:14 Checking update-file '/usr/share/kde4/apps/kconf_update/devicepreference.upd' for new updates
2013-06-25T10:13:14 devicepreference.upd: Found new update 'DevicesMovedToPlatformPlugin'
2013-06-25T10:13:14 devicepreference.upd: Running script 'phonon_devicepreference_update'
2013-06-25T10:13:14 devicepreference.upd: Found new update 'DevicesUIDsChanged'
2013-06-25T10:13:14 devicepreference.upd: Running script 'phonon_deviceuids_update'
2013-06-25T10:13:14 Checking update-file '/usr/share/kde4/apps/kconf_update/kcookiescfg.upd' for new updates
2013-06-25T10:13:14 kcookiescfg.upd: Found new update 'kde2.2/b1'
2013-06-25T10:13:14 kcookiescfg.upd: File 'kcookiejarrc' does not exist or empty, skipping
2013-06-25T10:13:14 kcookiescfg.upd: Found new update 'kde3.1/cvs'
2013-06-25T10:13:14 kcookiescfg.upd: File 'kcookiejarrc' does not exist or empty, skipping
2013-06-25T10:13:14 kcookiescfg.upd: Found new update 'kde4.10/git'
2013-06-25T10:13:14 kcookiescfg.upd: File 'kcookiejarrc' does not exist or empty, skipping
2013-06-25T10:13:14 Checking update-file '/usr/share/kde4/apps/kconf_update/ksslcertificatemanager.upd' for new updates
2013-06-25T10:13:14 ksslcertificatemanager.upd: Found new update 'kde4.2'
2013-06-25T10:13:14 ksslcertificatemanager.upd: Running script 'ksslcertificatemanager.upd.sh'
2013-06-25T10:13:14 [Script] rm: cannot remove ‘/home/troydl/.kde//share/config/ksslcertificatemanager’: No such file or directory
2013-06-25T10:13:14 ksslcertificatemanager.upd: !! An error occurred while running 'sh /usr/share/kde4/apps/kconf_update/ksslcertificatemanager.upd.sh'
2013-06-25T10:13:14 Checking update-file '/usr/share/kde4/apps/kconf_update/kio_help.upd' for new updates
2013-06-25T10:13:14 kio_help.upd: Found new update 'kde3_2'
2013-06-25T10:13:14 kio_help.upd: Running script 'move_kio_help_cache.sh'
2013-06-25T10:13:14 [Script] mv: cannot stat ‘/home/troydl/.kde/share/apps/kio_help/cache’: No such file or directory
2013-06-25T10:13:14 [Script] rmdir: failed to remove ‘/home/troydl/.kde/share/apps/kio_help’: No such file or directory
